2025-04-16 11:42:05 [restartedMain] INFO  c.a.PollCreationBackendApplication - Starting PollCreationBackendApplication using Java 21.0.6 with PID 11288 (C:\Users\ghuma\Downloads\pollcreationapp-security\pollcreationapp-akanksh\PollCreationBackend-security\target\classes started by ghuma in C:\Users\ghuma\Downloads\pollcreationapp-security\pollcreationapp-akanksh\PollCreationBackend-security)
2025-04-16 11:42:05 [restartedMain] INFO  c.a.PollCreationBackendApplication - No active profile set, falling back to 1 default profile: "default"
2025-04-16 11:42:05 [restartedMain] INFO  o.s.b.d.e.DevToolsPropertyDefaultsPostProcessor - Devtools property defaults active! Set 'spring.devtools.add-properties' to 'false' to disable
2025-04-16 11:42:05 [restartedMain] INFO  o.s.b.d.e.DevToolsPropertyDefaultsPostProcessor - For additional web related logging consider setting the 'logging.level.web' property to 'DEBUG'
2025-04-16 11:42:06 [restartedMain] INFO  o.s.d.r.c.RepositoryConfigurationDelegate - Bootstrapping Spring Data JPA repositories in DEFAULT mode.
2025-04-16 11:42:06 [restartedMain] INFO  o.s.d.r.c.RepositoryConfigurationDelegate - Finished Spring Data repository scanning in 67 ms. Found 4 JPA repository interfaces.
2025-04-16 11:42:07 [restartedMain] INFO  o.s.b.w.e.tomcat.TomcatWebServer - Tomcat initialized with port 8080 (http)
2025-04-16 11:42:07 [restartedMain] INFO  o.a.coyote.http11.Http11NioProtocol - Initializing ProtocolHandler ["http-nio-8080"]
2025-04-16 11:42:07 [restartedMain] INFO  o.a.catalina.core.StandardService - Starting service [Tomcat]
2025-04-16 11:42:07 [restartedMain] INFO  o.a.catalina.core.StandardEngine - Starting Servlet engine: [Apache Tomcat/10.1.36]
2025-04-16 11:42:07 [restartedMain] INFO  o.a.c.c.C.[Tomcat].[localhost].[/] - Initializing Spring embedded WebApplicationContext
2025-04-16 11:42:07 [restartedMain] INFO  o.s.b.w.s.c.ServletWebServerApplicationContext - Root WebApplicationContext: initialization completed in 1697 ms
2025-04-16 11:42:07 [restartedMain] INFO  o.h.jpa.internal.util.LogHelper - HHH000204: Processing PersistenceUnitInfo [name: default]
2025-04-16 11:42:07 [restartedMain] INFO  org.hibernate.Version - HHH000412: Hibernate ORM core version 6.6.8.Final
2025-04-16 11:42:07 [restartedMain] INFO  o.h.c.i.RegionFactoryInitiator - HHH000026: Second-level cache disabled
2025-04-16 11:42:08 [restartedMain] INFO  o.s.o.j.p.SpringPersistenceUnitInfo - No LoadTimeWeaver setup: ignoring JPA class transformer
2025-04-16 11:42:08 [restartedMain] INFO  com.zaxxer.hikari.HikariDataSource - HikariPool-1 - Starting...
2025-04-16 11:42:08 [restartedMain] INFO  com.zaxxer.hikari.pool.HikariPool - HikariPool-1 - Added connection com.mysql.cj.jdbc.ConnectionImpl@34196cc4
2025-04-16 11:42:08 [restartedMain] INFO  com.zaxxer.hikari.HikariDataSource - HikariPool-1 - Start completed.
2025-04-16 11:42:08 [restartedMain] INFO  o.hibernate.orm.connections.pooling - HHH10001005: Database info:
	Database JDBC URL [Connecting through datasource 'HikariDataSource (HikariPool-1)']
	Database driver: undefined/unknown
	Database version: 8.0.41
	Autocommit mode: undefined/unknown
	Isolation level: undefined/unknown
	Minimum pool size: undefined/unknown
	Maximum pool size: undefined/unknown
2025-04-16 11:42:09 [restartedMain] INFO  o.h.e.t.j.p.i.JtaPlatformInitiator - HHH000489: No JTA platform available (set 'hibernate.transaction.jta.platform' to enable JTA platform integration)
2025-04-16 11:42:10 [restartedMain] INFO  o.s.o.j.LocalContainerEntityManagerFactoryBean - Initialized JPA EntityManagerFactory for persistence unit 'default'
2025-04-16 11:42:10 [restartedMain] WARN  o.s.b.a.o.j.JpaBaseConfiguration$JpaWebConfiguration - spring.jpa.open-in-view is enabled by default. Therefore, database queries may be performed during view rendering. Explicitly configure spring.jpa.open-in-view to disable this warning
2025-04-16 11:42:10 [restartedMain] WARN  o.s.b.a.s.s.UserDetailsServiceAutoConfiguration - 

Using generated security password: 79199da3-ea83-49ec-aec8-57acb03db48c

This generated password is for development use only. Your security configuration must be updated before running your application in production.

2025-04-16 11:42:10 [restartedMain] INFO  o.s.s.c.a.a.c.InitializeUserDetailsBeanManagerConfigurer$InitializeUserDetailsManagerConfigurer - Global AuthenticationManager configured with UserDetailsService bean with name inMemoryUserDetailsManager
2025-04-16 11:42:11 [restartedMain] INFO  o.s.v.b.OptionalValidatorFactoryBean - Failed to set up a Bean Validation provider: jakarta.validation.NoProviderFoundException: Unable to create a Configuration, because no Jakarta Bean Validation provider could be found. Add a provider like Hibernate Validator (RI) to your classpath.
2025-04-16 11:42:11 [restartedMain] INFO  o.s.b.d.a.OptionalLiveReloadServer - LiveReload server is running on port 35729
2025-04-16 11:42:11 [restartedMain] INFO  o.a.coyote.http11.Http11NioProtocol - Starting ProtocolHandler ["http-nio-8080"]
2025-04-16 11:42:11 [restartedMain] INFO  o.s.b.w.e.tomcat.TomcatWebServer - Tomcat started on port 8080 (http) with context path '/'
2025-04-16 11:42:11 [restartedMain] INFO  c.a.PollCreationBackendApplication - Started PollCreationBackendApplication in 6.505 seconds (process running for 7.288)
2025-04-16 11:42:30 [http-nio-8080-exec-1] INFO  o.a.c.c.C.[Tomcat].[localhost].[/] - Initializing Spring DispatcherServlet 'dispatcherServlet'
2025-04-16 11:42:30 [http-nio-8080-exec-1] INFO  o.s.web.servlet.DispatcherServlet - Initializing Servlet 'dispatcherServlet'
2025-04-16 11:42:30 [http-nio-8080-exec-1] INFO  o.s.web.servlet.DispatcherServlet - Completed initialization in 5 ms
2025-04-16 11:42:30 [http-nio-8080-exec-2] INFO  c.a.service.impl.PollServiceImpl - User with email 'ghumarevaishnavib@gmail.com' is requesting poll information.
2025-04-16 11:42:31 [http-nio-8080-exec-2] INFO  c.a.service.impl.PollServiceImpl - User found with email: ghumarevaishnavib@gmail.com
2025-04-16 11:42:31 [http-nio-8080-exec-2] INFO  c.a.service.impl.PollServiceImpl - Found 4 polls created by user with email: ghumarevaishnavib@gmail.com
2025-04-16 11:42:31 [http-nio-8080-exec-2] INFO  c.a.service.impl.PollServiceImpl - Returning PollSummaryDto for Poll ID: 10
2025-04-16 11:42:31 [http-nio-8080-exec-2] INFO  c.a.service.impl.PollServiceImpl - Returning PollSummaryDto for Poll ID: 9
2025-04-16 11:42:31 [http-nio-8080-exec-2] INFO  c.a.service.impl.PollServiceImpl - Returning PollSummaryDto for Poll ID: 8
2025-04-16 11:42:31 [http-nio-8080-exec-2] INFO  c.a.service.impl.PollServiceImpl - Returning PollSummaryDto for Poll ID: 7
2025-04-16 11:42:38 [http-nio-8080-exec-3] INFO  c.a.service.impl.PollServiceImpl - User with email 'ghumarevaishnavib@gmail.com' is requesting poll information.
2025-04-16 11:42:38 [http-nio-8080-exec-3] INFO  c.a.service.impl.PollServiceImpl - User found with email: ghumarevaishnavib@gmail.com
2025-04-16 11:42:38 [http-nio-8080-exec-3] INFO  c.a.service.impl.PollServiceImpl - Found 4 polls created by user with email: ghumarevaishnavib@gmail.com
2025-04-16 11:42:38 [http-nio-8080-exec-3] INFO  c.a.service.impl.PollServiceImpl - Returning PollSummaryDto for Poll ID: 10
2025-04-16 11:42:38 [http-nio-8080-exec-3] INFO  c.a.service.impl.PollServiceImpl - Returning PollSummaryDto for Poll ID: 9
2025-04-16 11:42:38 [http-nio-8080-exec-3] INFO  c.a.service.impl.PollServiceImpl - Returning PollSummaryDto for Poll ID: 8
2025-04-16 11:42:38 [http-nio-8080-exec-3] INFO  c.a.service.impl.PollServiceImpl - Returning PollSummaryDto for Poll ID: 7
2025-04-16 11:42:42 [http-nio-8080-exec-5] INFO  c.a.service.impl.PollServiceImpl - Received request to get statistics for Poll with ID: 9
2025-04-16 11:42:42 [http-nio-8080-exec-5] INFO  c.a.service.impl.PollServiceImpl - Poll found: 9 with question: What should we order for lunch?
2025-04-16 11:42:42 [http-nio-8080-exec-5] INFO  c.a.service.impl.PollServiceImpl - Total votes for Poll ID: 9: 12
2025-04-16 11:42:42 [http-nio-8080-exec-5] INFO  c.a.service.impl.PollServiceImpl - Option ID: 35 has 2 votes
2025-04-16 11:42:42 [http-nio-8080-exec-5] INFO  c.a.service.impl.PollServiceImpl - Option ID: 36 has 3 votes
2025-04-16 11:42:42 [http-nio-8080-exec-5] INFO  c.a.service.impl.PollServiceImpl - Option ID: 37 has 4 votes
2025-04-16 11:42:42 [http-nio-8080-exec-5] INFO  c.a.service.impl.PollServiceImpl - Option ID: 38 has 3 votes
2025-04-16 11:42:42 [http-nio-8080-exec-5] INFO  c.a.service.impl.PollServiceImpl - Poll ID: 9 is currently active
2025-04-16 11:42:42 [http-nio-8080-exec-5] INFO  c.a.service.impl.PollServiceImpl - Successfully fetched poll statistics for Poll ID: 9
2025-04-16 11:43:13 [http-nio-8080-exec-4] INFO  c.a.service.impl.PollServiceImpl - Received request to get statistics for Poll with ID: 9
2025-04-16 11:43:13 [http-nio-8080-exec-4] INFO  c.a.service.impl.PollServiceImpl - Poll found: 9 with question: What should we order for lunch?
2025-04-16 11:43:13 [http-nio-8080-exec-4] INFO  c.a.service.impl.PollServiceImpl - Total votes for Poll ID: 9: 12
2025-04-16 11:43:13 [http-nio-8080-exec-4] INFO  c.a.service.impl.PollServiceImpl - Option ID: 35 has 2 votes
2025-04-16 11:43:13 [http-nio-8080-exec-4] INFO  c.a.service.impl.PollServiceImpl - Option ID: 36 has 3 votes
2025-04-16 11:43:13 [http-nio-8080-exec-4] INFO  c.a.service.impl.PollServiceImpl - Option ID: 37 has 4 votes
2025-04-16 11:43:13 [http-nio-8080-exec-4] INFO  c.a.service.impl.PollServiceImpl - Option ID: 38 has 3 votes
2025-04-16 11:43:13 [http-nio-8080-exec-4] INFO  c.a.service.impl.PollServiceImpl - Poll ID: 9 is currently active
2025-04-16 11:43:13 [http-nio-8080-exec-4] INFO  c.a.service.impl.PollServiceImpl - Successfully fetched poll statistics for Poll ID: 9
2025-04-16 11:43:21 [http-nio-8080-exec-7] INFO  c.a.service.impl.PollServiceImpl - Received request to get all active polls for user: ghumarevaishnavib@gmail.com
2025-04-16 11:43:21 [http-nio-8080-exec-7] INFO  c.a.service.impl.PollServiceImpl - Fetched 6 active polls
2025-04-16 11:43:21 [http-nio-8080-exec-7] INFO  c.a.service.impl.PollServiceImpl - User found: Vaishnavi with email: ghumarevaishnavib@gmail.com
2025-04-16 11:43:21 [http-nio-8080-exec-7] INFO  c.a.service.impl.PollServiceImpl - Poll ID: 14 has 6 total votes
2025-04-16 11:43:21 [http-nio-8080-exec-7] INFO  c.a.service.impl.PollServiceImpl - Poll ID: 12 has 7 total votes
2025-04-16 11:43:21 [http-nio-8080-exec-7] INFO  c.a.service.impl.PollServiceImpl - Poll ID: 10 has 1 total votes
2025-04-16 11:43:21 [http-nio-8080-exec-7] INFO  c.a.service.impl.PollServiceImpl - Poll ID: 9 has 12 total votes
2025-04-16 11:43:21 [http-nio-8080-exec-7] INFO  c.a.service.impl.PollServiceImpl - Poll ID: 8 has 9 total votes
2025-04-16 11:43:21 [http-nio-8080-exec-7] INFO  c.a.service.impl.PollServiceImpl - Poll ID: 7 has 12 total votes
2025-04-16 11:43:37 [http-nio-8080-exec-10] INFO  c.a.service.impl.PollServiceImpl - Received request to get voted polls for user: ghumarevaishnavib@gmail.com
2025-04-16 11:43:37 [http-nio-8080-exec-10] INFO  c.a.service.impl.PollServiceImpl - User found with email: ghumarevaishnavib@gmail.com
2025-04-16 11:43:37 [http-nio-8080-exec-10] INFO  c.a.service.impl.PollServiceImpl - Found 12 votes for user: ghumarevaishnavib@gmail.com
2025-04-16 11:43:37 [http-nio-8080-exec-10] INFO  c.a.service.impl.PollServiceImpl - Processing poll ID: 14 with question: Who is the best wicket-keeper in the world?
2025-04-16 11:43:37 [http-nio-8080-exec-10] INFO  c.a.service.impl.PollServiceImpl - User voted on 1 options for poll ID: 14
2025-04-16 11:43:37 [http-nio-8080-exec-10] INFO  c.a.service.impl.PollServiceImpl - Processing poll ID: 13 with question: Which Outdoor Sport Do You Like ?
2025-04-16 11:43:37 [http-nio-8080-exec-10] INFO  c.a.service.impl.PollServiceImpl - User voted on 2 options for poll ID: 13
2025-04-16 11:43:37 [http-nio-8080-exec-10] INFO  c.a.service.impl.PollServiceImpl - Processing poll ID: 12 with question: Do you like IPL?
2025-04-16 11:43:37 [http-nio-8080-exec-10] INFO  c.a.service.impl.PollServiceImpl - User voted on 1 options for poll ID: 12
2025-04-16 11:43:37 [http-nio-8080-exec-10] INFO  c.a.service.impl.PollServiceImpl - Processing poll ID: 11 with question: Who is the Best Cricket Player ?
2025-04-16 11:43:37 [http-nio-8080-exec-10] INFO  c.a.service.impl.PollServiceImpl - User voted on 1 options for poll ID: 11
2025-04-16 11:43:37 [http-nio-8080-exec-10] INFO  c.a.service.impl.PollServiceImpl - Processing poll ID: 10 with question: Should we implement a 4-day work week?
2025-04-16 11:43:37 [http-nio-8080-exec-10] INFO  c.a.service.impl.PollServiceImpl - User voted on 1 options for poll ID: 10
2025-04-16 11:43:37 [http-nio-8080-exec-10] INFO  c.a.service.impl.PollServiceImpl - Processing poll ID: 9 with question: What should we order for lunch?
2025-04-16 11:43:37 [http-nio-8080-exec-10] INFO  c.a.service.impl.PollServiceImpl - User voted on 2 options for poll ID: 9
2025-04-16 11:43:37 [http-nio-8080-exec-10] INFO  c.a.service.impl.PollServiceImpl - Processing poll ID: 8 with question: Which date works best for the team meeting?
2025-04-16 11:43:37 [http-nio-8080-exec-10] INFO  c.a.service.impl.PollServiceImpl - User voted on 1 options for poll ID: 8
2025-04-16 11:43:37 [http-nio-8080-exec-10] INFO  c.a.service.impl.PollServiceImpl - Processing poll ID: 7 with question: What's your favorite programming language?
2025-04-16 11:43:37 [http-nio-8080-exec-10] INFO  c.a.service.impl.PollServiceImpl - User voted on 2 options for poll ID: 7
2025-04-16 11:43:37 [http-nio-8080-exec-10] INFO  c.a.service.impl.PollServiceImpl - Processing poll ID: 5 with question: Which is your favourite movie?
2025-04-16 11:43:37 [http-nio-8080-exec-10] INFO  c.a.service.impl.PollServiceImpl - User voted on 1 options for poll ID: 5
2025-04-16 11:43:37 [http-nio-8080-exec-10] INFO  c.a.service.impl.PollServiceImpl - Returning 9 voted polls for user: ghumarevaishnavib@gmail.com
2025-04-16 11:44:12 [http-nio-8080-exec-1] INFO  c.a.service.impl.PollServiceImpl - User with email 'ghumarevaishnavib@gmail.com' is requesting poll information.
2025-04-16 11:44:12 [http-nio-8080-exec-1] INFO  c.a.service.impl.PollServiceImpl - User found with email: ghumarevaishnavib@gmail.com
2025-04-16 11:44:12 [http-nio-8080-exec-1] INFO  c.a.service.impl.PollServiceImpl - Found 4 polls created by user with email: ghumarevaishnavib@gmail.com
2025-04-16 11:44:12 [http-nio-8080-exec-1] INFO  c.a.service.impl.PollServiceImpl - Returning PollSummaryDto for Poll ID: 10
2025-04-16 11:44:12 [http-nio-8080-exec-1] INFO  c.a.service.impl.PollServiceImpl - Returning PollSummaryDto for Poll ID: 9
2025-04-16 11:44:12 [http-nio-8080-exec-1] INFO  c.a.service.impl.PollServiceImpl - Returning PollSummaryDto for Poll ID: 8
2025-04-16 11:44:12 [http-nio-8080-exec-1] INFO  c.a.service.impl.PollServiceImpl - Returning PollSummaryDto for Poll ID: 7
2025-04-16 11:44:14 [http-nio-8080-exec-2] INFO  c.a.service.impl.PollServiceImpl - Received request to get all active polls for user: ghumarevaishnavib@gmail.com
2025-04-16 11:44:14 [http-nio-8080-exec-2] INFO  c.a.service.impl.PollServiceImpl - Fetched 6 active polls
2025-04-16 11:44:14 [http-nio-8080-exec-2] INFO  c.a.service.impl.PollServiceImpl - User found: Vaishnavi with email: ghumarevaishnavib@gmail.com
2025-04-16 11:44:14 [http-nio-8080-exec-2] INFO  c.a.service.impl.PollServiceImpl - Poll ID: 14 has 6 total votes
2025-04-16 11:44:14 [http-nio-8080-exec-2] INFO  c.a.service.impl.PollServiceImpl - Poll ID: 12 has 7 total votes
2025-04-16 11:44:14 [http-nio-8080-exec-2] INFO  c.a.service.impl.PollServiceImpl - Poll ID: 10 has 1 total votes
2025-04-16 11:44:14 [http-nio-8080-exec-2] INFO  c.a.service.impl.PollServiceImpl - Poll ID: 9 has 12 total votes
2025-04-16 11:44:14 [http-nio-8080-exec-2] INFO  c.a.service.impl.PollServiceImpl - Poll ID: 8 has 9 total votes
2025-04-16 11:44:14 [http-nio-8080-exec-2] INFO  c.a.service.impl.PollServiceImpl - Poll ID: 7 has 12 total votes
2025-04-16 11:44:30 [http-nio-8080-exec-3] INFO  c.a.service.impl.PollServiceImpl - Received request to get voted polls for user: ghumarevaishnavib@gmail.com
2025-04-16 11:44:30 [http-nio-8080-exec-3] INFO  c.a.service.impl.PollServiceImpl - User found with email: ghumarevaishnavib@gmail.com
2025-04-16 11:44:30 [http-nio-8080-exec-3] INFO  c.a.service.impl.PollServiceImpl - Found 12 votes for user: ghumarevaishnavib@gmail.com
2025-04-16 11:44:30 [http-nio-8080-exec-3] INFO  c.a.service.impl.PollServiceImpl - Processing poll ID: 14 with question: Who is the best wicket-keeper in the world?
2025-04-16 11:44:30 [http-nio-8080-exec-3] INFO  c.a.service.impl.PollServiceImpl - User voted on 1 options for poll ID: 14
2025-04-16 11:44:30 [http-nio-8080-exec-3] INFO  c.a.service.impl.PollServiceImpl - Processing poll ID: 13 with question: Which Outdoor Sport Do You Like ?
2025-04-16 11:44:30 [http-nio-8080-exec-3] INFO  c.a.service.impl.PollServiceImpl - User voted on 2 options for poll ID: 13
2025-04-16 11:44:30 [http-nio-8080-exec-3] INFO  c.a.service.impl.PollServiceImpl - Processing poll ID: 12 with question: Do you like IPL?
2025-04-16 11:44:30 [http-nio-8080-exec-3] INFO  c.a.service.impl.PollServiceImpl - User voted on 1 options for poll ID: 12
2025-04-16 11:44:30 [http-nio-8080-exec-3] INFO  c.a.service.impl.PollServiceImpl - Processing poll ID: 11 with question: Who is the Best Cricket Player ?
2025-04-16 11:44:30 [http-nio-8080-exec-3] INFO  c.a.service.impl.PollServiceImpl - User voted on 1 options for poll ID: 11
2025-04-16 11:44:30 [http-nio-8080-exec-3] INFO  c.a.service.impl.PollServiceImpl - Processing poll ID: 10 with question: Should we implement a 4-day work week?
2025-04-16 11:44:30 [http-nio-8080-exec-3] INFO  c.a.service.impl.PollServiceImpl - User voted on 1 options for poll ID: 10
2025-04-16 11:44:30 [http-nio-8080-exec-3] INFO  c.a.service.impl.PollServiceImpl - Processing poll ID: 9 with question: What should we order for lunch?
2025-04-16 11:44:30 [http-nio-8080-exec-3] INFO  c.a.service.impl.PollServiceImpl - User voted on 2 options for poll ID: 9
2025-04-16 11:44:30 [http-nio-8080-exec-3] INFO  c.a.service.impl.PollServiceImpl - Processing poll ID: 8 with question: Which date works best for the team meeting?
2025-04-16 11:44:30 [http-nio-8080-exec-3] INFO  c.a.service.impl.PollServiceImpl - User voted on 1 options for poll ID: 8
2025-04-16 11:44:30 [http-nio-8080-exec-3] INFO  c.a.service.impl.PollServiceImpl - Processing poll ID: 7 with question: What's your favorite programming language?
2025-04-16 11:44:31 [http-nio-8080-exec-3] INFO  c.a.service.impl.PollServiceImpl - User voted on 2 options for poll ID: 7
2025-04-16 11:44:31 [http-nio-8080-exec-3] INFO  c.a.service.impl.PollServiceImpl - Processing poll ID: 5 with question: Which is your favourite movie?
2025-04-16 11:44:31 [http-nio-8080-exec-3] INFO  c.a.service.impl.PollServiceImpl - User voted on 1 options for poll ID: 5
2025-04-16 11:44:31 [http-nio-8080-exec-3] INFO  c.a.service.impl.PollServiceImpl - Returning 9 voted polls for user: ghumarevaishnavib@gmail.com
2025-04-16 11:44:38 [http-nio-8080-exec-6] INFO  c.a.service.impl.PollServiceImpl - User with email 'ghumarevaishnavib@gmail.com' is requesting poll information.
2025-04-16 11:44:38 [http-nio-8080-exec-6] INFO  c.a.service.impl.PollServiceImpl - User found with email: ghumarevaishnavib@gmail.com
2025-04-16 11:44:38 [http-nio-8080-exec-6] INFO  c.a.service.impl.PollServiceImpl - Found 4 polls created by user with email: ghumarevaishnavib@gmail.com
2025-04-16 11:44:38 [http-nio-8080-exec-6] INFO  c.a.service.impl.PollServiceImpl - Returning PollSummaryDto for Poll ID: 10
2025-04-16 11:44:38 [http-nio-8080-exec-6] INFO  c.a.service.impl.PollServiceImpl - Returning PollSummaryDto for Poll ID: 9
2025-04-16 11:44:38 [http-nio-8080-exec-6] INFO  c.a.service.impl.PollServiceImpl - Returning PollSummaryDto for Poll ID: 8
2025-04-16 11:44:38 [http-nio-8080-exec-6] INFO  c.a.service.impl.PollServiceImpl - Returning PollSummaryDto for Poll ID: 7
2025-04-16 11:44:46 [http-nio-8080-exec-5] INFO  c.a.service.impl.PollServiceImpl - Received request to get all active polls for user: ghumarevaishnavib@gmail.com
2025-04-16 11:44:46 [http-nio-8080-exec-5] INFO  c.a.service.impl.PollServiceImpl - Fetched 6 active polls
2025-04-16 11:44:46 [http-nio-8080-exec-5] INFO  c.a.service.impl.PollServiceImpl - User found: Vaishnavi with email: ghumarevaishnavib@gmail.com
2025-04-16 11:44:46 [http-nio-8080-exec-5] INFO  c.a.service.impl.PollServiceImpl - Poll ID: 14 has 6 total votes
2025-04-16 11:44:46 [http-nio-8080-exec-5] INFO  c.a.service.impl.PollServiceImpl - Poll ID: 12 has 7 total votes
2025-04-16 11:44:46 [http-nio-8080-exec-5] INFO  c.a.service.impl.PollServiceImpl - Poll ID: 10 has 1 total votes
2025-04-16 11:44:46 [http-nio-8080-exec-5] INFO  c.a.service.impl.PollServiceImpl - Poll ID: 9 has 12 total votes
2025-04-16 11:44:46 [http-nio-8080-exec-5] INFO  c.a.service.impl.PollServiceImpl - Poll ID: 8 has 9 total votes
2025-04-16 11:44:46 [http-nio-8080-exec-5] INFO  c.a.service.impl.PollServiceImpl - Poll ID: 7 has 12 total votes
2025-04-16 11:44:48 [http-nio-8080-exec-4] INFO  c.a.service.impl.PollServiceImpl - Received request to get voted polls for user: ghumarevaishnavib@gmail.com
2025-04-16 11:44:48 [http-nio-8080-exec-4] INFO  c.a.service.impl.PollServiceImpl - User found with email: ghumarevaishnavib@gmail.com
2025-04-16 11:44:48 [http-nio-8080-exec-4] INFO  c.a.service.impl.PollServiceImpl - Found 12 votes for user: ghumarevaishnavib@gmail.com
2025-04-16 11:44:48 [http-nio-8080-exec-4] INFO  c.a.service.impl.PollServiceImpl - Processing poll ID: 14 with question: Who is the best wicket-keeper in the world?
2025-04-16 11:44:48 [http-nio-8080-exec-4] INFO  c.a.service.impl.PollServiceImpl - User voted on 1 options for poll ID: 14
2025-04-16 11:44:48 [http-nio-8080-exec-4] INFO  c.a.service.impl.PollServiceImpl - Processing poll ID: 13 with question: Which Outdoor Sport Do You Like ?
2025-04-16 11:44:48 [http-nio-8080-exec-4] INFO  c.a.service.impl.PollServiceImpl - User voted on 2 options for poll ID: 13
2025-04-16 11:44:48 [http-nio-8080-exec-4] INFO  c.a.service.impl.PollServiceImpl - Processing poll ID: 12 with question: Do you like IPL?
2025-04-16 11:44:48 [http-nio-8080-exec-4] INFO  c.a.service.impl.PollServiceImpl - User voted on 1 options for poll ID: 12
2025-04-16 11:44:48 [http-nio-8080-exec-4] INFO  c.a.service.impl.PollServiceImpl - Processing poll ID: 11 with question: Who is the Best Cricket Player ?
2025-04-16 11:44:48 [http-nio-8080-exec-4] INFO  c.a.service.impl.PollServiceImpl - User voted on 1 options for poll ID: 11
2025-04-16 11:44:48 [http-nio-8080-exec-4] INFO  c.a.service.impl.PollServiceImpl - Processing poll ID: 10 with question: Should we implement a 4-day work week?
2025-04-16 11:44:48 [http-nio-8080-exec-4] INFO  c.a.service.impl.PollServiceImpl - User voted on 1 options for poll ID: 10
2025-04-16 11:44:48 [http-nio-8080-exec-4] INFO  c.a.service.impl.PollServiceImpl - Processing poll ID: 9 with question: What should we order for lunch?
2025-04-16 11:44:48 [http-nio-8080-exec-4] INFO  c.a.service.impl.PollServiceImpl - User voted on 2 options for poll ID: 9
2025-04-16 11:44:48 [http-nio-8080-exec-4] INFO  c.a.service.impl.PollServiceImpl - Processing poll ID: 8 with question: Which date works best for the team meeting?
2025-04-16 11:44:48 [http-nio-8080-exec-4] INFO  c.a.service.impl.PollServiceImpl - User voted on 1 options for poll ID: 8
2025-04-16 11:44:48 [http-nio-8080-exec-4] INFO  c.a.service.impl.PollServiceImpl - Processing poll ID: 7 with question: What's your favorite programming language?
2025-04-16 11:44:48 [http-nio-8080-exec-4] INFO  c.a.service.impl.PollServiceImpl - User voted on 2 options for poll ID: 7
2025-04-16 11:44:48 [http-nio-8080-exec-4] INFO  c.a.service.impl.PollServiceImpl - Processing poll ID: 5 with question: Which is your favourite movie?
2025-04-16 11:44:48 [http-nio-8080-exec-4] INFO  c.a.service.impl.PollServiceImpl - User voted on 1 options for poll ID: 5
2025-04-16 11:44:48 [http-nio-8080-exec-4] INFO  c.a.service.impl.PollServiceImpl - Returning 9 voted polls for user: ghumarevaishnavib@gmail.com
2025-04-16 11:47:05 [http-nio-8080-exec-7] INFO  c.a.service.impl.PollServiceImpl - Received request to get all active polls for user: ghumarevaishnavib@gmail.com
2025-04-16 11:47:05 [http-nio-8080-exec-7] INFO  c.a.service.impl.PollServiceImpl - Fetched 6 active polls
2025-04-16 11:47:05 [http-nio-8080-exec-7] INFO  c.a.service.impl.PollServiceImpl - User found: Vaishnavi with email: ghumarevaishnavib@gmail.com
2025-04-16 11:47:05 [http-nio-8080-exec-7] INFO  c.a.service.impl.PollServiceImpl - Poll ID: 14 has 6 total votes
2025-04-16 11:47:05 [http-nio-8080-exec-7] INFO  c.a.service.impl.PollServiceImpl - Poll ID: 12 has 7 total votes
2025-04-16 11:47:05 [http-nio-8080-exec-7] INFO  c.a.service.impl.PollServiceImpl - Poll ID: 10 has 1 total votes
2025-04-16 11:47:06 [http-nio-8080-exec-7] INFO  c.a.service.impl.PollServiceImpl - Poll ID: 9 has 12 total votes
2025-04-16 11:47:06 [http-nio-8080-exec-7] INFO  c.a.service.impl.PollServiceImpl - Poll ID: 8 has 9 total votes
2025-04-16 11:47:06 [http-nio-8080-exec-7] INFO  c.a.service.impl.PollServiceImpl - Poll ID: 7 has 12 total votes
2025-04-16 11:47:18 [http-nio-8080-exec-8] INFO  c.a.service.impl.PollServiceImpl - Received request to get voted polls for user: ghumarevaishnavib@gmail.com
2025-04-16 11:47:18 [http-nio-8080-exec-8] INFO  c.a.service.impl.PollServiceImpl - User found with email: ghumarevaishnavib@gmail.com
2025-04-16 11:47:18 [http-nio-8080-exec-8] INFO  c.a.service.impl.PollServiceImpl - Found 12 votes for user: ghumarevaishnavib@gmail.com
2025-04-16 11:47:18 [http-nio-8080-exec-8] INFO  c.a.service.impl.PollServiceImpl - Processing poll ID: 14 with question: Who is the best wicket-keeper in the world?
2025-04-16 11:47:18 [http-nio-8080-exec-8] INFO  c.a.service.impl.PollServiceImpl - User voted on 1 options for poll ID: 14
2025-04-16 11:47:18 [http-nio-8080-exec-8] INFO  c.a.service.impl.PollServiceImpl - Processing poll ID: 13 with question: Which Outdoor Sport Do You Like ?
2025-04-16 11:47:18 [http-nio-8080-exec-8] INFO  c.a.service.impl.PollServiceImpl - User voted on 2 options for poll ID: 13
2025-04-16 11:47:18 [http-nio-8080-exec-8] INFO  c.a.service.impl.PollServiceImpl - Processing poll ID: 12 with question: Do you like IPL?
2025-04-16 11:47:18 [http-nio-8080-exec-8] INFO  c.a.service.impl.PollServiceImpl - User voted on 1 options for poll ID: 12
2025-04-16 11:47:18 [http-nio-8080-exec-8] INFO  c.a.service.impl.PollServiceImpl - Processing poll ID: 11 with question: Who is the Best Cricket Player ?
2025-04-16 11:47:18 [http-nio-8080-exec-8] INFO  c.a.service.impl.PollServiceImpl - User voted on 1 options for poll ID: 11
2025-04-16 11:47:18 [http-nio-8080-exec-8] INFO  c.a.service.impl.PollServiceImpl - Processing poll ID: 10 with question: Should we implement a 4-day work week?
2025-04-16 11:47:18 [http-nio-8080-exec-8] INFO  c.a.service.impl.PollServiceImpl - User voted on 1 options for poll ID: 10
2025-04-16 11:47:18 [http-nio-8080-exec-8] INFO  c.a.service.impl.PollServiceImpl - Processing poll ID: 9 with question: What should we order for lunch?
2025-04-16 11:47:18 [http-nio-8080-exec-8] INFO  c.a.service.impl.PollServiceImpl - User voted on 2 options for poll ID: 9
2025-04-16 11:47:18 [http-nio-8080-exec-8] INFO  c.a.service.impl.PollServiceImpl - Processing poll ID: 8 with question: Which date works best for the team meeting?
2025-04-16 11:47:18 [http-nio-8080-exec-8] INFO  c.a.service.impl.PollServiceImpl - User voted on 1 options for poll ID: 8
2025-04-16 11:47:18 [http-nio-8080-exec-8] INFO  c.a.service.impl.PollServiceImpl - Processing poll ID: 7 with question: What's your favorite programming language?
2025-04-16 11:47:18 [http-nio-8080-exec-8] INFO  c.a.service.impl.PollServiceImpl - User voted on 2 options for poll ID: 7
2025-04-16 11:47:18 [http-nio-8080-exec-8] INFO  c.a.service.impl.PollServiceImpl - Processing poll ID: 5 with question: Which is your favourite movie?
2025-04-16 11:47:18 [http-nio-8080-exec-8] INFO  c.a.service.impl.PollServiceImpl - User voted on 1 options for poll ID: 5
2025-04-16 11:47:18 [http-nio-8080-exec-8] INFO  c.a.service.impl.PollServiceImpl - Returning 9 voted polls for user: ghumarevaishnavib@gmail.com
2025-04-16 12:01:33 [http-nio-8080-exec-1] INFO  c.a.service.impl.PollServiceImpl - Received request to get all active polls for user: ghumarevaishnavib@gmail.com
2025-04-16 12:01:33 [http-nio-8080-exec-1] INFO  c.a.service.impl.PollServiceImpl - Fetched 6 active polls
2025-04-16 12:01:33 [http-nio-8080-exec-1] INFO  c.a.service.impl.PollServiceImpl - User found: Vaishnavi with email: ghumarevaishnavib@gmail.com
2025-04-16 12:01:33 [http-nio-8080-exec-1] INFO  c.a.service.impl.PollServiceImpl - Poll ID: 14 has 6 total votes
2025-04-16 12:01:34 [http-nio-8080-exec-1] INFO  c.a.service.impl.PollServiceImpl - Poll ID: 12 has 7 total votes
2025-04-16 12:01:34 [http-nio-8080-exec-1] INFO  c.a.service.impl.PollServiceImpl - Poll ID: 10 has 1 total votes
2025-04-16 12:01:34 [http-nio-8080-exec-1] INFO  c.a.service.impl.PollServiceImpl - Poll ID: 9 has 12 total votes
2025-04-16 12:01:34 [http-nio-8080-exec-1] INFO  c.a.service.impl.PollServiceImpl - Poll ID: 8 has 9 total votes
2025-04-16 12:01:34 [http-nio-8080-exec-1] INFO  c.a.service.impl.PollServiceImpl - Poll ID: 7 has 12 total votes
2025-04-16 12:08:14 [http-nio-8080-exec-3] INFO  c.a.service.impl.PollServiceImpl - Received request to get voted polls for user: ghumarevaishnavib@gmail.com
2025-04-16 12:08:14 [http-nio-8080-exec-3] INFO  c.a.service.impl.PollServiceImpl - User found with email: ghumarevaishnavib@gmail.com
2025-04-16 12:08:14 [http-nio-8080-exec-3] INFO  c.a.service.impl.PollServiceImpl - Found 12 votes for user: ghumarevaishnavib@gmail.com
2025-04-16 12:08:14 [http-nio-8080-exec-3] INFO  c.a.service.impl.PollServiceImpl - Processing poll ID: 14 with question: Who is the best wicket-keeper in the world?
2025-04-16 12:08:14 [http-nio-8080-exec-3] INFO  c.a.service.impl.PollServiceImpl - User voted on 1 options for poll ID: 14
2025-04-16 12:08:14 [http-nio-8080-exec-3] INFO  c.a.service.impl.PollServiceImpl - Processing poll ID: 13 with question: Which Outdoor Sport Do You Like ?
2025-04-16 12:08:14 [http-nio-8080-exec-3] INFO  c.a.service.impl.PollServiceImpl - User voted on 2 options for poll ID: 13
2025-04-16 12:08:14 [http-nio-8080-exec-3] INFO  c.a.service.impl.PollServiceImpl - Processing poll ID: 12 with question: Do you like IPL?
2025-04-16 12:08:14 [http-nio-8080-exec-3] INFO  c.a.service.impl.PollServiceImpl - User voted on 1 options for poll ID: 12
2025-04-16 12:08:14 [http-nio-8080-exec-3] INFO  c.a.service.impl.PollServiceImpl - Processing poll ID: 11 with question: Who is the Best Cricket Player ?
2025-04-16 12:08:14 [http-nio-8080-exec-3] INFO  c.a.service.impl.PollServiceImpl - User voted on 1 options for poll ID: 11
2025-04-16 12:08:14 [http-nio-8080-exec-3] INFO  c.a.service.impl.PollServiceImpl - Processing poll ID: 10 with question: Should we implement a 4-day work week?
2025-04-16 12:08:14 [http-nio-8080-exec-3] INFO  c.a.service.impl.PollServiceImpl - User voted on 1 options for poll ID: 10
2025-04-16 12:08:14 [http-nio-8080-exec-3] INFO  c.a.service.impl.PollServiceImpl - Processing poll ID: 9 with question: What should we order for lunch?
2025-04-16 12:08:14 [http-nio-8080-exec-3] INFO  c.a.service.impl.PollServiceImpl - User voted on 2 options for poll ID: 9
2025-04-16 12:08:14 [http-nio-8080-exec-3] INFO  c.a.service.impl.PollServiceImpl - Processing poll ID: 8 with question: Which date works best for the team meeting?
2025-04-16 12:08:14 [http-nio-8080-exec-3] INFO  c.a.service.impl.PollServiceImpl - User voted on 1 options for poll ID: 8
2025-04-16 12:08:14 [http-nio-8080-exec-3] INFO  c.a.service.impl.PollServiceImpl - Processing poll ID: 7 with question: What's your favorite programming language?
2025-04-16 12:08:14 [http-nio-8080-exec-3] INFO  c.a.service.impl.PollServiceImpl - User voted on 2 options for poll ID: 7
2025-04-16 12:08:14 [http-nio-8080-exec-3] INFO  c.a.service.impl.PollServiceImpl - Processing poll ID: 5 with question: Which is your favourite movie?
2025-04-16 12:08:14 [http-nio-8080-exec-3] INFO  c.a.service.impl.PollServiceImpl - User voted on 1 options for poll ID: 5
2025-04-16 12:08:14 [http-nio-8080-exec-3] INFO  c.a.service.impl.PollServiceImpl - Returning 9 voted polls for user: ghumarevaishnavib@gmail.com
2025-04-16 12:08:15 [http-nio-8080-exec-6] INFO  c.a.service.impl.PollServiceImpl - Received request to get all active polls for user: ghumarevaishnavib@gmail.com
2025-04-16 12:08:15 [http-nio-8080-exec-6] INFO  c.a.service.impl.PollServiceImpl - Fetched 6 active polls
2025-04-16 12:08:15 [http-nio-8080-exec-6] INFO  c.a.service.impl.PollServiceImpl - User found: Vaishnavi with email: ghumarevaishnavib@gmail.com
2025-04-16 12:08:15 [http-nio-8080-exec-6] INFO  c.a.service.impl.PollServiceImpl - Poll ID: 14 has 6 total votes
2025-04-16 12:08:15 [http-nio-8080-exec-6] INFO  c.a.service.impl.PollServiceImpl - Poll ID: 12 has 7 total votes
2025-04-16 12:08:15 [http-nio-8080-exec-6] INFO  c.a.service.impl.PollServiceImpl - Poll ID: 10 has 1 total votes
2025-04-16 12:08:15 [http-nio-8080-exec-6] INFO  c.a.service.impl.PollServiceImpl - Poll ID: 9 has 12 total votes
2025-04-16 12:08:15 [http-nio-8080-exec-6] INFO  c.a.service.impl.PollServiceImpl - Poll ID: 8 has 9 total votes
2025-04-16 12:08:15 [http-nio-8080-exec-6] INFO  c.a.service.impl.PollServiceImpl - Poll ID: 7 has 12 total votes
2025-04-16 12:08:19 [http-nio-8080-exec-5] INFO  c.a.service.impl.PollServiceImpl - Received request to get voted polls for user: ghumarevaishnavib@gmail.com
2025-04-16 12:08:19 [http-nio-8080-exec-5] INFO  c.a.service.impl.PollServiceImpl - User found with email: ghumarevaishnavib@gmail.com
2025-04-16 12:08:19 [http-nio-8080-exec-5] INFO  c.a.service.impl.PollServiceImpl - Found 12 votes for user: ghumarevaishnavib@gmail.com
2025-04-16 12:08:19 [http-nio-8080-exec-5] INFO  c.a.service.impl.PollServiceImpl - Processing poll ID: 14 with question: Who is the best wicket-keeper in the world?
2025-04-16 12:08:19 [http-nio-8080-exec-5] INFO  c.a.service.impl.PollServiceImpl - User voted on 1 options for poll ID: 14
2025-04-16 12:08:19 [http-nio-8080-exec-5] INFO  c.a.service.impl.PollServiceImpl - Processing poll ID: 13 with question: Which Outdoor Sport Do You Like ?
2025-04-16 12:08:19 [http-nio-8080-exec-5] INFO  c.a.service.impl.PollServiceImpl - User voted on 2 options for poll ID: 13
2025-04-16 12:08:19 [http-nio-8080-exec-5] INFO  c.a.service.impl.PollServiceImpl - Processing poll ID: 12 with question: Do you like IPL?
2025-04-16 12:08:19 [http-nio-8080-exec-5] INFO  c.a.service.impl.PollServiceImpl - User voted on 1 options for poll ID: 12
2025-04-16 12:08:19 [http-nio-8080-exec-5] INFO  c.a.service.impl.PollServiceImpl - Processing poll ID: 11 with question: Who is the Best Cricket Player ?
2025-04-16 12:08:19 [http-nio-8080-exec-5] INFO  c.a.service.impl.PollServiceImpl - User voted on 1 options for poll ID: 11
2025-04-16 12:08:19 [http-nio-8080-exec-5] INFO  c.a.service.impl.PollServiceImpl - Processing poll ID: 10 with question: Should we implement a 4-day work week?
2025-04-16 12:08:19 [http-nio-8080-exec-5] INFO  c.a.service.impl.PollServiceImpl - User voted on 1 options for poll ID: 10
2025-04-16 12:08:19 [http-nio-8080-exec-5] INFO  c.a.service.impl.PollServiceImpl - Processing poll ID: 9 with question: What should we order for lunch?
2025-04-16 12:08:19 [http-nio-8080-exec-5] INFO  c.a.service.impl.PollServiceImpl - User voted on 2 options for poll ID: 9
2025-04-16 12:08:19 [http-nio-8080-exec-5] INFO  c.a.service.impl.PollServiceImpl - Processing poll ID: 8 with question: Which date works best for the team meeting?
2025-04-16 12:08:19 [http-nio-8080-exec-5] INFO  c.a.service.impl.PollServiceImpl - User voted on 1 options for poll ID: 8
2025-04-16 12:08:19 [http-nio-8080-exec-5] INFO  c.a.service.impl.PollServiceImpl - Processing poll ID: 7 with question: What's your favorite programming language?
2025-04-16 12:08:19 [http-nio-8080-exec-5] INFO  c.a.service.impl.PollServiceImpl - User voted on 2 options for poll ID: 7
2025-04-16 12:08:19 [http-nio-8080-exec-5] INFO  c.a.service.impl.PollServiceImpl - Processing poll ID: 5 with question: Which is your favourite movie?
2025-04-16 12:08:19 [http-nio-8080-exec-5] INFO  c.a.service.impl.PollServiceImpl - User voted on 1 options for poll ID: 5
2025-04-16 12:08:19 [http-nio-8080-exec-5] INFO  c.a.service.impl.PollServiceImpl - Returning 9 voted polls for user: ghumarevaishnavib@gmail.com
2025-04-16 12:08:24 [http-nio-8080-exec-9] INFO  c.a.service.impl.VoteServiceImpl - Received request to delete vote for Poll ID: 12 by user: ghumarevaishnavib@gmail.com
2025-04-16 12:08:24 [http-nio-8080-exec-9] INFO  c.a.service.impl.VoteServiceImpl - User found: Vaishnavi with email: ghumarevaishnavib@gmail.com
2025-04-16 12:08:24 [http-nio-8080-exec-9] INFO  c.a.service.impl.VoteServiceImpl - Poll found: 12 with question: Do you like IPL?
2025-04-16 12:08:24 [http-nio-8080-exec-9] INFO  c.a.service.impl.VoteServiceImpl - Vote deleted for Poll ID: 12 by user: ghumarevaishnavib@gmail.com
2025-04-16 12:08:24 [http-nio-8080-exec-7] INFO  c.a.service.impl.PollServiceImpl - Received request to get voted polls for user: ghumarevaishnavib@gmail.com
2025-04-16 12:08:24 [http-nio-8080-exec-7] INFO  c.a.service.impl.PollServiceImpl - User found with email: ghumarevaishnavib@gmail.com
2025-04-16 12:08:24 [http-nio-8080-exec-7] INFO  c.a.service.impl.PollServiceImpl - Found 11 votes for user: ghumarevaishnavib@gmail.com
2025-04-16 12:08:24 [http-nio-8080-exec-7] INFO  c.a.service.impl.PollServiceImpl - Processing poll ID: 14 with question: Who is the best wicket-keeper in the world?
2025-04-16 12:08:24 [http-nio-8080-exec-7] INFO  c.a.service.impl.PollServiceImpl - User voted on 1 options for poll ID: 14
2025-04-16 12:08:24 [http-nio-8080-exec-7] INFO  c.a.service.impl.PollServiceImpl - Processing poll ID: 13 with question: Which Outdoor Sport Do You Like ?
2025-04-16 12:08:24 [http-nio-8080-exec-7] INFO  c.a.service.impl.PollServiceImpl - User voted on 2 options for poll ID: 13
2025-04-16 12:08:24 [http-nio-8080-exec-7] INFO  c.a.service.impl.PollServiceImpl - Processing poll ID: 11 with question: Who is the Best Cricket Player ?
2025-04-16 12:08:24 [http-nio-8080-exec-7] INFO  c.a.service.impl.PollServiceImpl - User voted on 1 options for poll ID: 11
2025-04-16 12:08:24 [http-nio-8080-exec-7] INFO  c.a.service.impl.PollServiceImpl - Processing poll ID: 10 with question: Should we implement a 4-day work week?
2025-04-16 12:08:24 [http-nio-8080-exec-7] INFO  c.a.service.impl.PollServiceImpl - User voted on 1 options for poll ID: 10
2025-04-16 12:08:24 [http-nio-8080-exec-7] INFO  c.a.service.impl.PollServiceImpl - Processing poll ID: 9 with question: What should we order for lunch?
2025-04-16 12:08:24 [http-nio-8080-exec-7] INFO  c.a.service.impl.PollServiceImpl - User voted on 2 options for poll ID: 9
2025-04-16 12:08:24 [http-nio-8080-exec-7] INFO  c.a.service.impl.PollServiceImpl - Processing poll ID: 8 with question: Which date works best for the team meeting?
2025-04-16 12:08:24 [http-nio-8080-exec-7] INFO  c.a.service.impl.PollServiceImpl - User voted on 1 options for poll ID: 8
2025-04-16 12:08:24 [http-nio-8080-exec-7] INFO  c.a.service.impl.PollServiceImpl - Processing poll ID: 7 with question: What's your favorite programming language?
2025-04-16 12:08:24 [http-nio-8080-exec-7] INFO  c.a.service.impl.PollServiceImpl - User voted on 2 options for poll ID: 7
2025-04-16 12:08:24 [http-nio-8080-exec-7] INFO  c.a.service.impl.PollServiceImpl - Processing poll ID: 5 with question: Which is your favourite movie?
2025-04-16 12:08:24 [http-nio-8080-exec-7] INFO  c.a.service.impl.PollServiceImpl - User voted on 1 options for poll ID: 5
2025-04-16 12:08:24 [http-nio-8080-exec-7] INFO  c.a.service.impl.PollServiceImpl - Returning 8 voted polls for user: ghumarevaishnavib@gmail.com
2025-04-16 12:08:25 [http-nio-8080-exec-8] INFO  c.a.service.impl.PollServiceImpl - Received request to get all active polls for user: ghumarevaishnavib@gmail.com
2025-04-16 12:08:25 [http-nio-8080-exec-8] INFO  c.a.service.impl.PollServiceImpl - Fetched 6 active polls
2025-04-16 12:08:25 [http-nio-8080-exec-8] INFO  c.a.service.impl.PollServiceImpl - User found: Vaishnavi with email: ghumarevaishnavib@gmail.com
2025-04-16 12:08:25 [http-nio-8080-exec-8] INFO  c.a.service.impl.PollServiceImpl - Poll ID: 14 has 6 total votes
2025-04-16 12:08:25 [http-nio-8080-exec-8] INFO  c.a.service.impl.PollServiceImpl - Poll ID: 12 has 6 total votes
2025-04-16 12:08:25 [http-nio-8080-exec-8] INFO  c.a.service.impl.PollServiceImpl - Poll ID: 10 has 1 total votes
2025-04-16 12:08:26 [http-nio-8080-exec-8] INFO  c.a.service.impl.PollServiceImpl - Poll ID: 9 has 12 total votes
2025-04-16 12:08:26 [http-nio-8080-exec-8] INFO  c.a.service.impl.PollServiceImpl - Poll ID: 8 has 9 total votes
2025-04-16 12:08:26 [http-nio-8080-exec-8] INFO  c.a.service.impl.PollServiceImpl - Poll ID: 7 has 12 total votes
2025-04-16 12:37:24 [http-nio-8080-exec-2] INFO  c.a.service.impl.PollServiceImpl - Received request to get all active polls for user: ghumarevaishnavib@gmail.com
2025-04-16 12:37:24 [http-nio-8080-exec-2] INFO  c.a.service.impl.PollServiceImpl - Fetched 6 active polls
2025-04-16 12:37:24 [http-nio-8080-exec-2] INFO  c.a.service.impl.PollServiceImpl - User found: Vaishnavi with email: ghumarevaishnavib@gmail.com
2025-04-16 12:37:24 [http-nio-8080-exec-2] INFO  c.a.service.impl.PollServiceImpl - Poll ID: 14 has 6 total votes
2025-04-16 12:37:24 [http-nio-8080-exec-2] INFO  c.a.service.impl.PollServiceImpl - Poll ID: 12 has 6 total votes
2025-04-16 12:37:24 [http-nio-8080-exec-2] INFO  c.a.service.impl.PollServiceImpl - Poll ID: 10 has 1 total votes
2025-04-16 12:37:24 [http-nio-8080-exec-2] INFO  c.a.service.impl.PollServiceImpl - Poll ID: 9 has 12 total votes
2025-04-16 12:37:24 [http-nio-8080-exec-2] INFO  c.a.service.impl.PollServiceImpl - Poll ID: 8 has 9 total votes
2025-04-16 12:37:24 [http-nio-8080-exec-2] INFO  c.a.service.impl.PollServiceImpl - Poll ID: 7 has 12 total votes
2025-04-16 12:37:25 [HikariPool-1 housekeeper] WARN  com.zaxxer.hikari.pool.HikariPool - HikariPool-1 - Thread starvation or clock leap detected (housekeeper delta=20m46s502ms856µs).
2025-04-16 13:07:43 [http-nio-8080-exec-1] INFO  c.a.service.impl.PollServiceImpl - User with email 'ghumarevaishnavib@gmail.com' is requesting poll information.
2025-04-16 13:07:43 [http-nio-8080-exec-1] INFO  c.a.service.impl.PollServiceImpl - User found with email: ghumarevaishnavib@gmail.com
2025-04-16 13:07:43 [http-nio-8080-exec-1] INFO  c.a.service.impl.PollServiceImpl - Found 4 polls created by user with email: ghumarevaishnavib@gmail.com
2025-04-16 13:07:43 [http-nio-8080-exec-1] INFO  c.a.service.impl.PollServiceImpl - Returning PollSummaryDto for Poll ID: 10
2025-04-16 13:07:43 [http-nio-8080-exec-1] INFO  c.a.service.impl.PollServiceImpl - Returning PollSummaryDto for Poll ID: 9
2025-04-16 13:07:43 [http-nio-8080-exec-1] INFO  c.a.service.impl.PollServiceImpl - Returning PollSummaryDto for Poll ID: 8
2025-04-16 13:07:43 [http-nio-8080-exec-1] INFO  c.a.service.impl.PollServiceImpl - Returning PollSummaryDto for Poll ID: 7
2025-04-16 13:07:44 [http-nio-8080-exec-3] INFO  c.a.service.impl.PollServiceImpl - Received request to get all active polls for user: ghumarevaishnavib@gmail.com
2025-04-16 13:07:44 [http-nio-8080-exec-3] INFO  c.a.service.impl.PollServiceImpl - Fetched 6 active polls
2025-04-16 13:07:44 [http-nio-8080-exec-3] INFO  c.a.service.impl.PollServiceImpl - User found: Vaishnavi with email: ghumarevaishnavib@gmail.com
2025-04-16 13:07:44 [http-nio-8080-exec-3] INFO  c.a.service.impl.PollServiceImpl - Poll ID: 14 has 6 total votes
2025-04-16 13:07:44 [http-nio-8080-exec-3] INFO  c.a.service.impl.PollServiceImpl - Poll ID: 12 has 6 total votes
2025-04-16 13:07:44 [http-nio-8080-exec-3] INFO  c.a.service.impl.PollServiceImpl - Poll ID: 10 has 1 total votes
2025-04-16 13:07:44 [http-nio-8080-exec-3] INFO  c.a.service.impl.PollServiceImpl - Poll ID: 9 has 12 total votes
2025-04-16 13:07:44 [http-nio-8080-exec-3] INFO  c.a.service.impl.PollServiceImpl - Poll ID: 8 has 9 total votes
2025-04-16 13:07:44 [http-nio-8080-exec-3] INFO  c.a.service.impl.PollServiceImpl - Poll ID: 7 has 12 total votes
2025-04-16 13:08:00 [http-nio-8080-exec-6] INFO  c.a.service.impl.PollServiceImpl - User with email 'ghumarevaishnavib@gmail.com' is requesting poll information.
2025-04-16 13:08:00 [http-nio-8080-exec-6] INFO  c.a.service.impl.PollServiceImpl - User found with email: ghumarevaishnavib@gmail.com
2025-04-16 13:08:00 [http-nio-8080-exec-6] INFO  c.a.service.impl.PollServiceImpl - Found 4 polls created by user with email: ghumarevaishnavib@gmail.com
2025-04-16 13:08:01 [http-nio-8080-exec-6] INFO  c.a.service.impl.PollServiceImpl - Returning PollSummaryDto for Poll ID: 10
2025-04-16 13:08:01 [http-nio-8080-exec-6] INFO  c.a.service.impl.PollServiceImpl - Returning PollSummaryDto for Poll ID: 9
2025-04-16 13:08:01 [http-nio-8080-exec-6] INFO  c.a.service.impl.PollServiceImpl - Returning PollSummaryDto for Poll ID: 8
2025-04-16 13:08:01 [http-nio-8080-exec-6] INFO  c.a.service.impl.PollServiceImpl - Returning PollSummaryDto for Poll ID: 7
2025-04-16 13:08:02 [http-nio-8080-exec-5] INFO  c.a.service.impl.PollServiceImpl - Received request to get all active polls for user: ghumarevaishnavib@gmail.com
2025-04-16 13:08:02 [http-nio-8080-exec-5] INFO  c.a.service.impl.PollServiceImpl - Fetched 6 active polls
2025-04-16 13:08:02 [http-nio-8080-exec-5] INFO  c.a.service.impl.PollServiceImpl - User found: Vaishnavi with email: ghumarevaishnavib@gmail.com
2025-04-16 13:08:02 [http-nio-8080-exec-5] INFO  c.a.service.impl.PollServiceImpl - Poll ID: 14 has 6 total votes
2025-04-16 13:08:02 [http-nio-8080-exec-5] INFO  c.a.service.impl.PollServiceImpl - Poll ID: 12 has 6 total votes
2025-04-16 13:08:02 [http-nio-8080-exec-5] INFO  c.a.service.impl.PollServiceImpl - Poll ID: 10 has 1 total votes
2025-04-16 13:08:02 [http-nio-8080-exec-5] INFO  c.a.service.impl.PollServiceImpl - Poll ID: 9 has 12 total votes
2025-04-16 13:08:02 [http-nio-8080-exec-5] INFO  c.a.service.impl.PollServiceImpl - Poll ID: 8 has 9 total votes
2025-04-16 13:08:02 [http-nio-8080-exec-5] INFO  c.a.service.impl.PollServiceImpl - Poll ID: 7 has 12 total votes
2025-04-16 13:08:02 [http-nio-8080-exec-4] INFO  c.a.service.impl.PollServiceImpl - Received request to get voted polls for user: ghumarevaishnavib@gmail.com
2025-04-16 13:08:02 [http-nio-8080-exec-4] INFO  c.a.service.impl.PollServiceImpl - User found with email: ghumarevaishnavib@gmail.com
2025-04-16 13:08:02 [http-nio-8080-exec-4] INFO  c.a.service.impl.PollServiceImpl - Found 11 votes for user: ghumarevaishnavib@gmail.com
2025-04-16 13:08:02 [http-nio-8080-exec-4] INFO  c.a.service.impl.PollServiceImpl - Processing poll ID: 14 with question: Who is the best wicket-keeper in the world?
2025-04-16 13:08:02 [http-nio-8080-exec-4] INFO  c.a.service.impl.PollServiceImpl - User voted on 1 options for poll ID: 14
2025-04-16 13:08:02 [http-nio-8080-exec-4] INFO  c.a.service.impl.PollServiceImpl - Processing poll ID: 13 with question: Which Outdoor Sport Do You Like ?
2025-04-16 13:08:02 [http-nio-8080-exec-4] INFO  c.a.service.impl.PollServiceImpl - User voted on 2 options for poll ID: 13
2025-04-16 13:08:02 [http-nio-8080-exec-4] INFO  c.a.service.impl.PollServiceImpl - Processing poll ID: 11 with question: Who is the Best Cricket Player ?
2025-04-16 13:08:02 [http-nio-8080-exec-4] INFO  c.a.service.impl.PollServiceImpl - User voted on 1 options for poll ID: 11
2025-04-16 13:08:02 [http-nio-8080-exec-4] INFO  c.a.service.impl.PollServiceImpl - Processing poll ID: 10 with question: Should we implement a 4-day work week?
2025-04-16 13:08:02 [http-nio-8080-exec-4] INFO  c.a.service.impl.PollServiceImpl - User voted on 1 options for poll ID: 10
2025-04-16 13:08:02 [http-nio-8080-exec-4] INFO  c.a.service.impl.PollServiceImpl - Processing poll ID: 9 with question: What should we order for lunch?
2025-04-16 13:08:02 [http-nio-8080-exec-4] INFO  c.a.service.impl.PollServiceImpl - User voted on 2 options for poll ID: 9
2025-04-16 13:08:02 [http-nio-8080-exec-4] INFO  c.a.service.impl.PollServiceImpl - Processing poll ID: 8 with question: Which date works best for the team meeting?
2025-04-16 13:08:02 [http-nio-8080-exec-4] INFO  c.a.service.impl.PollServiceImpl - User voted on 1 options for poll ID: 8
2025-04-16 13:08:02 [http-nio-8080-exec-4] INFO  c.a.service.impl.PollServiceImpl - Processing poll ID: 7 with question: What's your favorite programming language?
2025-04-16 13:08:02 [http-nio-8080-exec-4] INFO  c.a.service.impl.PollServiceImpl - User voted on 2 options for poll ID: 7
2025-04-16 13:08:02 [http-nio-8080-exec-4] INFO  c.a.service.impl.PollServiceImpl - Processing poll ID: 5 with question: Which is your favourite movie?
2025-04-16 13:08:02 [http-nio-8080-exec-4] INFO  c.a.service.impl.PollServiceImpl - User voted on 1 options for poll ID: 5
2025-04-16 13:08:02 [http-nio-8080-exec-4] INFO  c.a.service.impl.PollServiceImpl - Returning 8 voted polls for user: ghumarevaishnavib@gmail.com
2025-04-16 13:08:08 [http-nio-8080-exec-9] INFO  c.a.service.impl.PollServiceImpl - Received request to get voted polls for user: ghumarevaishnavib@gmail.com
2025-04-16 13:08:08 [http-nio-8080-exec-9] INFO  c.a.service.impl.PollServiceImpl - User found with email: ghumarevaishnavib@gmail.com
2025-04-16 13:08:08 [http-nio-8080-exec-9] INFO  c.a.service.impl.PollServiceImpl - Found 11 votes for user: ghumarevaishnavib@gmail.com
2025-04-16 13:08:08 [http-nio-8080-exec-9] INFO  c.a.service.impl.PollServiceImpl - Processing poll ID: 14 with question: Who is the best wicket-keeper in the world?
2025-04-16 13:08:08 [http-nio-8080-exec-9] INFO  c.a.service.impl.PollServiceImpl - User voted on 1 options for poll ID: 14
2025-04-16 13:08:08 [http-nio-8080-exec-9] INFO  c.a.service.impl.PollServiceImpl - Processing poll ID: 13 with question: Which Outdoor Sport Do You Like ?
2025-04-16 13:08:08 [http-nio-8080-exec-9] INFO  c.a.service.impl.PollServiceImpl - User voted on 2 options for poll ID: 13
2025-04-16 13:08:08 [http-nio-8080-exec-9] INFO  c.a.service.impl.PollServiceImpl - Processing poll ID: 11 with question: Who is the Best Cricket Player ?
2025-04-16 13:08:08 [http-nio-8080-exec-9] INFO  c.a.service.impl.PollServiceImpl - User voted on 1 options for poll ID: 11
2025-04-16 13:08:08 [http-nio-8080-exec-9] INFO  c.a.service.impl.PollServiceImpl - Processing poll ID: 10 with question: Should we implement a 4-day work week?
2025-04-16 13:08:08 [http-nio-8080-exec-9] INFO  c.a.service.impl.PollServiceImpl - User voted on 1 options for poll ID: 10
2025-04-16 13:08:08 [http-nio-8080-exec-9] INFO  c.a.service.impl.PollServiceImpl - Processing poll ID: 9 with question: What should we order for lunch?
2025-04-16 13:08:08 [http-nio-8080-exec-9] INFO  c.a.service.impl.PollServiceImpl - User voted on 2 options for poll ID: 9
2025-04-16 13:08:08 [http-nio-8080-exec-9] INFO  c.a.service.impl.PollServiceImpl - Processing poll ID: 8 with question: Which date works best for the team meeting?
2025-04-16 13:08:08 [http-nio-8080-exec-9] INFO  c.a.service.impl.PollServiceImpl - User voted on 1 options for poll ID: 8
2025-04-16 13:08:08 [http-nio-8080-exec-9] INFO  c.a.service.impl.PollServiceImpl - Processing poll ID: 7 with question: What's your favorite programming language?
2025-04-16 13:08:08 [http-nio-8080-exec-9] INFO  c.a.service.impl.PollServiceImpl - User voted on 2 options for poll ID: 7
2025-04-16 13:08:08 [http-nio-8080-exec-9] INFO  c.a.service.impl.PollServiceImpl - Processing poll ID: 5 with question: Which is your favourite movie?
2025-04-16 13:08:08 [http-nio-8080-exec-9] INFO  c.a.service.impl.PollServiceImpl - User voted on 1 options for poll ID: 5
2025-04-16 13:08:08 [http-nio-8080-exec-9] INFO  c.a.service.impl.PollServiceImpl - Returning 8 voted polls for user: ghumarevaishnavib@gmail.com
2025-04-16 13:43:45 [HikariPool-1 housekeeper] WARN  com.zaxxer.hikari.pool.HikariPool - HikariPool-1 - Thread starvation or clock leap detected (housekeeper delta=5m19s5ms266µs600ns).
2025-04-16 13:43:58 [RMI TCP Connection(108)-127.0.0.1] INFO  o.s.b.a.SpringApplicationAdminMXBeanRegistrar$SpringApplicationAdmin - Application shutdown requested.
2025-04-16 13:43:58 [RMI TCP Connection(108)-127.0.0.1] INFO  o.s.b.w.e.tomcat.GracefulShutdown - Commencing graceful shutdown. Waiting for active requests to complete
2025-04-16 13:43:58 [tomcat-shutdown] INFO  o.a.coyote.http11.Http11NioProtocol - Pausing ProtocolHandler ["http-nio-8080"]
2025-04-16 13:43:58 [tomcat-shutdown] INFO  o.s.b.w.e.tomcat.GracefulShutdown - Graceful shutdown complete
2025-04-16 13:43:58 [RMI TCP Connection(108)-127.0.0.1] INFO  o.a.coyote.http11.Http11NioProtocol - Stopping ProtocolHandler ["http-nio-8080"]
2025-04-16 13:43:58 [RMI TCP Connection(108)-127.0.0.1] INFO  o.s.o.j.LocalContainerEntityManagerFactoryBean - Closing JPA EntityManagerFactory for persistence unit 'default'
2025-04-16 13:43:58 [RMI TCP Connection(108)-127.0.0.1] INFO  com.zaxxer.hikari.HikariDataSource - HikariPool-1 - Shutdown initiated...
2025-04-16 13:43:58 [RMI TCP Connection(108)-127.0.0.1] INFO  com.zaxxer.hikari.HikariDataSource - HikariPool-1 - Shutdown completed.
